FF
======================================================================
FAIL: test_baidu (test_baidu.MyTest)
----------------------------------------------------------------------
Traceback (most recent call last):
  File "F:\python\selenium-python\unitest\test_project\test_case\test_baidu.py", line 37, in test_baidu
    self.assertEqual(title, "selenium_百度搜素")
AssertionError: 'selenium_百度搜索' != 'selenium_百度搜素'
- selenium_百度搜索
?             ^
+ selenium_百度搜素
?             ^


======================================================================
FAIL: test_youdao (test_youdao.MyTest)
----------------------------------------------------------------------
Traceback (most recent call last):
  File "F:\python\selenium-python\unitest\test_project\test_case\test_youdao.py", line 37, in test_youdao
    self.assertEqual(title,"selenium_有道搜索")
AssertionError: '【selenium】什么意思_英语selenium的翻译_音标_读音_用法_例句_在线翻译_有道词典' != 'selenium_有道搜索'
- 【selenium】什么意思_英语selenium的翻译_音标_读音_用法_例句_在线翻译_有道词典
+ selenium_有道搜索


----------------------------------------------------------------------
Ran 2 tests in 34.576s

FAILED (failures=2)
